2024-04-04T14:42:24.940+09:00  INFO 11968 --- [restartedMain] c.o.crud.configuration.Application       : Starting Application using Java 17.0.10 with PID 11968 (C:\dev\lecture_code\09_Spring-boot\chap08-crud\build\classes\java\main started by hi in C:\dev\lecture_code\09_Spring-boot\chap08-crud)
2024-04-04T14:42:24.940+09:00  INFO 11968 --- [restartedMain] c.o.crud.configuration.Application       : No active profile set, falling back to 1 default profile: "default"
2024-04-04T14:42:25.158+09:00  INFO 11968 --- [restartedMain] o.s.b.w.embedded.tomcat.TomcatWebServer  : Tomcat initialized with port 8080 (http)
2024-04-04T14:42:25.158+09:00  INFO 11968 --- [restartedMain] o.apache.catalina.core.StandardService   : Starting service [Tomcat]
2024-04-04T14:42:25.170+09:00  INFO 11968 --- [restartedMain] o.apache.catalina.core.StandardEngine    : Starting Servlet engine: [Apache Tomcat/10.1.19]
2024-04-04T14:42:25.183+09:00  INFO 11968 --- [restartedMain] o.a.c.c.C.[Tomcat].[localhost].[/]       : Initializing Spring embedded WebApplicationContext
2024-04-04T14:42:25.183+09:00  INFO 11968 --- [restartedMain] w.s.c.ServletWebServerApplicationContext : Root WebApplicationContext: initialization completed in 241 ms
2024-04-04T14:42:25.226+09:00  INFO 11968 --- [restartedMain] o.s.b.a.w.s.WelcomePageHandlerMapping    : Adding welcome page: class path resource [static/index.html]
2024-04-04T14:42:25.269+09:00  INFO 11968 --- [restartedMain] o.s.b.d.a.OptionalLiveReloadServer       : LiveReload server is running on port 35729
2024-04-04T14:42:25.276+09:00  INFO 11968 --- [restartedMain] o.s.b.w.embedded.tomcat.TomcatWebServer  : Tomcat started on port 8080 (http) with context path ''
2024-04-04T14:42:25.278+09:00  INFO 11968 --- [restartedMain] c.o.crud.configuration.Application       : Started Application in 0.373 seconds (process running for 177.618)
2024-04-04T14:42:25.279+09:00  INFO 11968 --- [restartedMain] .ConditionEvaluationDeltaLoggingListener : Condition evaluation unchanged
2024-04-04T14:42:58.810+09:00  INFO 19008 --- [restartedMain] c.o.crud.configuration.Application       : Starting Application using Java 17.0.10 with PID 19008 (C:\dev\lecture_code\09_Spring-boot\chap08-crud\build\classes\java\main started by hi in C:\dev\lecture_code\09_Spring-boot\chap08-crud)
2024-04-04T14:42:58.811+09:00  INFO 19008 --- [restartedMain] c.o.crud.configuration.Application       : No active profile set, falling back to 1 default profile: "default"
2024-04-04T14:42:58.846+09:00  INFO 19008 --- [restartedMain] .e.DevToolsPropertyDefaultsPostProcessor : Devtools property defaults active! Set 'spring.devtools.add-properties' to 'false' to disable
2024-04-04T14:42:58.846+09:00  INFO 19008 --- [restartedMain] .e.DevToolsPropertyDefaultsPostProcessor : For additional web related logging consider setting the 'logging.level.web' property to 'DEBUG'
2024-04-04T14:42:59.613+09:00  INFO 19008 --- [restartedMain] o.s.b.w.embedded.tomcat.TomcatWebServer  : Tomcat initialized with port 8080 (http)
2024-04-04T14:42:59.622+09:00  INFO 19008 --- [restartedMain] o.apache.catalina.core.StandardService   : Starting service [Tomcat]
2024-04-04T14:42:59.622+09:00  INFO 19008 --- [restartedMain] o.apache.catalina.core.StandardEngine    : Starting Servlet engine: [Apache Tomcat/10.1.19]
2024-04-04T14:42:59.660+09:00  INFO 19008 --- [restartedMain] o.a.c.c.C.[Tomcat].[localhost].[/]       : Initializing Spring embedded WebApplicationContext
2024-04-04T14:42:59.660+09:00  INFO 19008 --- [restartedMain] w.s.c.ServletWebServerApplicationContext : Root WebApplicationContext: initialization completed in 814 ms
2024-04-04T14:42:59.897+09:00  INFO 19008 --- [restartedMain] o.s.b.a.w.s.WelcomePageHandlerMapping    : Adding welcome page: class path resource [static/index.html]
2024-04-04T14:43:00.099+09:00  INFO 19008 --- [restartedMain] o.s.b.d.a.OptionalLiveReloadServer       : LiveReload server is running on port 35729
2024-04-04T14:43:00.123+09:00  INFO 19008 --- [restartedMain] o.s.b.w.embedded.tomcat.TomcatWebServer  : Tomcat started on port 8080 (http) with context path ''
2024-04-04T14:43:00.130+09:00  INFO 19008 --- [restartedMain] c.o.crud.configuration.Application       : Started Application in 1.639 seconds (process running for 2.022)
2024-04-04T14:43:09.610+09:00  INFO 19008 --- [http-nio-8080-exec-1] o.a.c.c.C.[Tomcat].[localhost].[/]       : Initializing Spring DispatcherServlet 'dispatcherServlet'
2024-04-04T14:43:09.610+09:00  INFO 19008 --- [http-nio-8080-exec-1] o.s.web.servlet.DispatcherServlet        : Initializing Servlet 'dispatcherServlet'
2024-04-04T14:43:09.611+09:00  INFO 19008 --- [http-nio-8080-exec-1] o.s.web.servlet.DispatcherServlet        : Completed initialization in 1 ms
2024-04-04T14:43:09.642+09:00  INFO 19008 --- [http-nio-8080-exec-1] c.o.crud.menu.controller.MenuController  : menu : MenuDTO{menuCode=0, menuName='딸기아이스크림', menuPrice=1500, categoryCode=10, orderableStatus='Y'}
2024-04-04T14:43:09.645+09:00  WARN 19008 --- [http-nio-8080-exec-1] c.o.crud.menu.controller.MenuController  : menu : MenuDTO{menuCode=0, menuName='딸기아이스크림', menuPrice=1500, categoryCode=10, orderableStatus='Y'}
2024-04-04T14:43:09.645+09:00 ERROR 19008 --- [http-nio-8080-exec-1] c.o.crud.menu.controller.MenuController  : menu : MenuDTO{menuCode=0, menuName='딸기아이스크림', menuPrice=1500, categoryCode=10, orderableStatus='Y'}
2024-04-04T14:43:09.650+09:00  INFO 19008 --- [http-nio-8080-exec-1] com.zaxxer.hikari.HikariDataSource       : HikariPool-1 - Starting...
2024-04-04T14:43:09.835+09:00  INFO 19008 --- [http-nio-8080-exec-1] com.zaxxer.hikari.pool.HikariPool        : HikariPool-1 - Added connection com.mysql.cj.jdbc.ConnectionImpl@6afe472
2024-04-04T14:43:09.836+09:00  INFO 19008 --- [http-nio-8080-exec-1] com.zaxxer.hikari.HikariDataSource       : HikariPool-1 - Start completed.
2024-04-04T14:43:10.104+09:00  WARN 19008 --- [http-nio-8080-exec-2] o.t.s.p.StandardIncludeTagProcessor      : [THYMELEAF][http-nio-8080-exec-2][menu/list] Deprecated attribute {th:include,data-th-include} found in template menu/list, line 12, col 10. Please use {th:insert,data-th-insert} instead, this deprecated attribute will be removed in future versions of Thymeleaf.
2024-04-04T14:43:10.107+09:00  WARN 19008 --- [http-nio-8080-exec-2] actStandardFragmentInsertionTagProcessor : [THYMELEAF][http-nio-8080-exec-2][menu/list] Deprecated unwrapped fragment expression "common/header.html" found in template menu/list, line 12, col 10. Please use the complete syntax of fragment expressions instead ("~{common/header.html}"). The old, unwrapped syntax for fragment expressions will be removed in future versions of Thymeleaf.
